PLEASE submit a bug report to https://github.com/llvm/llvm-project/issues/ and include the crash backtrace.
Stack dump without symbol names (ensure you have llvm-symbolizer in your PATH or set the environment var `LLVM_SYMBOLIZER_PATH` to point to it):
0  mlirsmith       0x000055a310d2b66b
1  mlirsmith       0x000055a310d28b7c
2  libpthread.so.0 0x00007f8c66c84980
3  mlirsmith       0x000055a311d391f1
4  mlirsmith       0x000055a311d35653
5  mlirsmith       0x000055a311d359ca
6  mlirsmith       0x000055a311d35dae
7  mlirsmith       0x000055a311cb1e4c
8  mlirsmith       0x000055a310cc1e80
9  mlirsmith       0x000055a310cb4170
10 mlirsmith       0x000055a310c5c106
11 mlirsmith       0x000055a310cb4170
12 mlirsmith       0x000055a310c6577e
13 mlirsmith       0x000055a311711a39
14 mlirsmith       0x000055a310c611df
15 mlirsmith       0x000055a310cb4170
16 mlirsmith       0x000055a310c5eb7b
17 mlirsmith       0x000055a310cb4170
18 mlirsmith       0x000055a310c2e1ad
19 mlirsmith       0x000055a310c2e658
20 mlirsmith       0x000055a310c2393c
21 mlirsmith       0x000055a310b5fb6d
22 libc.so.6       0x00007f8c658a9c87 __libc_start_main + 231
23 mlirsmith       0x000055a310c0303a
Segmentation fault
