mlir-opt: /home/jacob/projects/MLIRSmith/llvm/lib/Support/raw_ostream.cpp:114: void llvm::raw_ostream::SetBufferAndMode(char*, size_t, llvm::raw_ostream::BufferKind): Assertion `GetNumBytesInBuffer() == 0 && "Current buffer is non-empty!"' failed.
PLEASE submit a bug report to https://github.com/llvm/llvm-project/issues/ and include the crash backtrace.
Stack dump without symbol names (ensure you have llvm-symbolizer in your PATH or set the environment var `LLVM_SYMBOLIZER_PATH` to point to it):
0  mlir-opt        0x0000564373857bdb llvm::sys::PrintStackTrace(llvm::raw_ostream&, int) + 59
1  mlir-opt        0x00005643738549cc
2  libpthread.so.0 0x00007f0412ff0980
3  libc.so.6       0x00007f0411c1de87 gsignal + 199
4  libc.so.6       0x00007f0411c1f7f1 abort + 321
5  libc.so.6       0x00007f0411c0f3fa
6  libc.so.6       0x00007f0411c0f472
7  mlir-opt        0x00005643738368b9 llvm::raw_ostream::SetBuffered() + 1225
8  mlir-opt        0x00005643738379cb llvm::raw_ostream::write(char const*, unsigned long) + 907
9  mlir-opt        0x0000564375a7933e
10 mlir-opt        0x0000564375fcf301 mlir::detail::OpToOpPassAdaptor::run(mlir::Pass*, mlir::Operation*, mlir::AnalysisManager, bool, unsigned int) + 1297
11 mlir-opt        0x0000564375fcf6ba mlir::detail::OpToOpPassAdaptor::runPipeline(mlir::OpPassManager&, mlir::Operation*, mlir::AnalysisManager, bool, unsigned int, mlir::PassInstrumentor*, mlir::PassInstrumentation::PipelineParentInfo const*) + 250
12 mlir-opt        0x0000564375fcfab2
13 mlir-opt        0x0000564375fcfc3f
14 mlir-opt        0x0000564375fc4b11 std::_Function_handler<void (), llvm::ThreadPool::createTaskAndFuture(std::function<void ()>)::'lambda'()>::_M_invoke(std::_Any_data const&) + 49
15 mlir-opt        0x0000564378b6d0b8 llvm::ThreadPool::processTasks(llvm::ThreadPoolTaskGroup*) + 552
16 mlir-opt        0x0000564378b6e0b3
17 libpthread.so.0 0x00007f0412fe56db
18 libc.so.6       0x00007f0411d0061f clone + 63
Aborted
