mlir-opt: /home/jacob/projects/MLIRSmith/mlir/lib/IR/PatternMatch.cpp:270: virtual void mlir::RewriterBase::replaceOp(mlir::Operation*, mlir::ValueRange): Assertion `op->getNumResults() == newValues.size() && "incorrect # of replacement values"' failed.
PLEASE submit a bug report to https://github.com/llvm/llvm-project/issues/ and include the crash backtrace.
Stack dump:
0.	Program arguments: ../build/bin/mlir-opt --linalg-generalize-named-ops generated/temp382029868163703345664.mlir
Stack dump without symbol names (ensure you have llvm-symbolizer in your PATH or set the environment var `LLVM_SYMBOLIZER_PATH` to point to it):
0  mlir-opt        0x0000556927a57bdb llvm::sys::PrintStackTrace(llvm::raw_ostream&, int) + 59
1  mlir-opt        0x0000556927a549cc
2  libpthread.so.0 0x00007f1bc7af8980
3  libc.so.6       0x00007f1bc6725e87 gsignal + 199
4  libc.so.6       0x00007f1bc67277f1 abort + 321
5  libc.so.6       0x00007f1bc67173fa
6  libc.so.6       0x00007f1bc6717472
7  mlir-opt        0x000055692a3d01dd mlir::RewriterBase::replaceOp(mlir::Operation*, mlir::ValueRange) + 541
8  mlir-opt        0x0000556928519b76 mlir::linalg::generalizeNamedOp(mlir::RewriterBase&, mlir::linalg::LinalgOp) + 1942
9  mlir-opt        0x000055692851a22b
10 mlir-opt        0x000055692cba5bd4 mlir::PatternApplicator::matchAndRewrite(mlir::Operation*, mlir::PatternRewriter&, llvm::function_ref<bool (mlir::Pattern const&)>, llvm::function_ref<void (mlir::Pattern const&)>, llvm::function_ref<mlir::LogicalResult (mlir::Pattern const&)>) + 2884
11 mlir-opt        0x000055692a28dc50
12 mlir-opt        0x000055692a2915b1 mlir::applyPatternsAndFoldGreedily(mlir::Region&, mlir::FrozenRewritePatternSet const&, mlir::GreedyRewriteConfig, bool*) + 3153
13 mlir-opt        0x0000556928518e4a
14 mlir-opt        0x000055692a1cf301 mlir::detail::OpToOpPassAdaptor::run(mlir::Pass*, mlir::Operation*, mlir::AnalysisManager, bool, unsigned int) + 1297
15 mlir-opt        0x000055692a1d0223
16 mlir-opt        0x000055692a1d08c1 mlir::PassManager::run(mlir::Operation*) + 1153
17 mlir-opt        0x000055692a1c0efc
18 mlir-opt        0x000055692a1c28b5
19 mlir-opt        0x000055692a1c2a71
20 mlir-opt        0x000055692a2c8260 mlir::splitAndProcessBuffer(std::unique_ptr<llvm::MemoryBuffer, std::default_delete<llvm::MemoryBuffer>>, llvm::function_ref<mlir::LogicalResult (std::unique_ptr<llvm::MemoryBuffer, std::default_delete<llvm::MemoryBuffer>>, llvm::raw_ostream&)>, llvm::raw_ostream&, bool, bool) + 96
21 mlir-opt        0x000055692a1bbbc9 mlir::MlirOptMain(llvm::raw_ostream&, std::unique_ptr<llvm::MemoryBuffer, std::default_delete<llvm::MemoryBuffer>>, mlir::DialectRegistry&, mlir::MlirOptMainConfig const&) + 185
22 mlir-opt        0x000055692a1c2d9a mlir::MlirOptMain(int, char**, llvm::StringRef, mlir::DialectRegistry&) + 746
23 mlir-opt        0x00005569279aa0c5 main + 165
24 libc.so.6       0x00007f1bc6708c87 __libc_start_main + 231
25 mlir-opt        0x0000556927a2b95a _start + 42
Aborted
