mlir-opt: /home/jacob/projects/MLIRSmith/llvm/include/llvm/ADT/SmallVector.h:294: T& llvm::SmallVectorTemplateCommon<T, <template-parameter-1-2> >::operator[](llvm::SmallVectorTemplateCommon<T, <template-parameter-1-2> >::size_type) [with T = mlir::Attribute; <template-parameter-1-2> = void; llvm::SmallVectorTemplateCommon<T, <template-parameter-1-2> >::reference = mlir::Attribute&; llvm::SmallVectorTemplateCommon<T, <template-parameter-1-2> >::size_type = long unsigned int]: Assertion `idx < size()' failed.
PLEASE submit a bug report to https://github.com/llvm/llvm-project/issues/ and include the crash backtrace.
Stack dump:
0.	Program arguments: ../build/bin/mlir-opt --sccp generated/temp6871679863805939200.mlir
Stack dump without symbol names (ensure you have llvm-symbolizer in your PATH or set the environment var `LLVM_SYMBOLIZER_PATH` to point to it):
0  mlir-opt        0x000055a349057bdb llvm::sys::PrintStackTrace(llvm::raw_ostream&, int) + 59
1  mlir-opt        0x000055a3490549cc
2  libpthread.so.0 0x00007f5c22bbf980
3  libc.so.6       0x00007f5c217ece87 gsignal + 199
4  libc.so.6       0x00007f5c217ee7f1 abort + 321
5  libc.so.6       0x00007f5c217de3fa
6  libc.so.6       0x00007f5c217de472
7  mlir-opt        0x000055a34ac7ee38
8  mlir-opt        0x000055a34acb29a3
9  mlir-opt        0x000055a34acc1270
10 mlir-opt        0x000055a34b9c34de mlir::Operation::fold(llvm::ArrayRef<mlir::Attribute>, llvm::SmallVectorImpl<mlir::OpFoldResult>&) + 62
11 mlir-opt        0x000055a34b7975ee mlir::dataflow::SparseConstantPropagation::visitOperation(mlir::Operation*, llvm::ArrayRef<mlir::dataflow::Lattice<mlir::dataflow::ConstantValue> const*>, llvm::ArrayRef<mlir::dataflow::Lattice<mlir::dataflow::ConstantValue>*>) + 1086
12 mlir-opt        0x000055a34b7b2c2a mlir::dataflow::AbstractSparseForwardDataFlowAnalysis::visitOperation(mlir::Operation*) + 1114
13 mlir-opt        0x000055a34b7b4389 mlir::dataflow::AbstractSparseForwardDataFlowAnalysis::initializeRecursively(mlir::Operation*) + 25
14 mlir-opt        0x000055a34b7b44c5 mlir::dataflow::AbstractSparseForwardDataFlowAnalysis::initializeRecursively(mlir::Operation*) + 341
15 mlir-opt        0x000055a34b7b44c5 mlir::dataflow::AbstractSparseForwardDataFlowAnalysis::initializeRecursively(mlir::Operation*) + 341
16 mlir-opt        0x000055a34b7609a4 mlir::DataFlowSolver::initializeAndRun(mlir::Operation*) + 100
17 mlir-opt        0x000055a34b82d6c5
18 mlir-opt        0x000055a34b7cf301 mlir::detail::OpToOpPassAdaptor::run(mlir::Pass*, mlir::Operation*, mlir::AnalysisManager, bool, unsigned int) + 1297
19 mlir-opt        0x000055a34b7d0223
20 mlir-opt        0x000055a34b7d08c1 mlir::PassManager::run(mlir::Operation*) + 1153
21 mlir-opt        0x000055a34b7c0efc
22 mlir-opt        0x000055a34b7c28b5
23 mlir-opt        0x000055a34b7c2a71
24 mlir-opt        0x000055a34b8c8260 mlir::splitAndProcessBuffer(std::unique_ptr<llvm::MemoryBuffer, std::default_delete<llvm::MemoryBuffer>>, llvm::function_ref<mlir::LogicalResult (std::unique_ptr<llvm::MemoryBuffer, std::default_delete<llvm::MemoryBuffer>>, llvm::raw_ostream&)>, llvm::raw_ostream&, bool, bool) + 96
25 mlir-opt        0x000055a34b7bbbc9 mlir::MlirOptMain(llvm::raw_ostream&, std::unique_ptr<llvm::MemoryBuffer, std::default_delete<llvm::MemoryBuffer>>, mlir::DialectRegistry&, mlir::MlirOptMainConfig const&) + 185
26 mlir-opt        0x000055a34b7c2d9a mlir::MlirOptMain(int, char**, llvm::StringRef, mlir::DialectRegistry&) + 746
27 mlir-opt        0x000055a348faa0c5 main + 165
28 libc.so.6       0x00007f5c217cfc87 __libc_start_main + 231
29 mlir-opt        0x000055a34902b95a _start + 42
Aborted
