mlir-opt: /home/jacob/projects/MLIRSmith/llvm/include/llvm/ADT/SmallVector.h:294: T& llvm::SmallVectorTemplateCommon<T, <template-parameter-1-2> >::operator[](llvm::SmallVectorTemplateCommon<T, <template-parameter-1-2> >::size_type) [with T = mlir::Attribute; <template-parameter-1-2> = void; llvm::SmallVectorTemplateCommon<T, <template-parameter-1-2> >::reference = mlir::Attribute&; llvm::SmallVectorTemplateCommon<T, <template-parameter-1-2> >::size_type = long unsigned int]: Assertion `idx < size()' failed.
PLEASE submit a bug report to https://github.com/llvm/llvm-project/issues/ and include the crash backtrace.
Stack dump:
0.	Program arguments: ../build/bin/mlir-opt --sccp generated/temp361343524267634500096.mlir
Stack dump without symbol names (ensure you have llvm-symbolizer in your PATH or set the environment var `LLVM_SYMBOLIZER_PATH` to point to it):
0  mlir-opt        0x000055a92f257bdb llvm::sys::PrintStackTrace(llvm::raw_ostream&, int) + 59
1  mlir-opt        0x000055a92f2549cc
2  libpthread.so.0 0x00007f29aba4e980
3  libc.so.6       0x00007f29aa67be87 gsignal + 199
4  libc.so.6       0x00007f29aa67d7f1 abort + 321
5  libc.so.6       0x00007f29aa66d3fa
6  libc.so.6       0x00007f29aa66d472
7  mlir-opt        0x000055a930e7ee38
8  mlir-opt        0x000055a930eb29a3
9  mlir-opt        0x000055a930ec1270
10 mlir-opt        0x000055a931bc34de mlir::Operation::fold(llvm::ArrayRef<mlir::Attribute>, llvm::SmallVectorImpl<mlir::OpFoldResult>&) + 62
11 mlir-opt        0x000055a9319975ee mlir::dataflow::SparseConstantPropagation::visitOperation(mlir::Operation*, llvm::ArrayRef<mlir::dataflow::Lattice<mlir::dataflow::ConstantValue> const*>, llvm::ArrayRef<mlir::dataflow::Lattice<mlir::dataflow::ConstantValue>*>) + 1086
12 mlir-opt        0x000055a9319b2c2a mlir::dataflow::AbstractSparseForwardDataFlowAnalysis::visitOperation(mlir::Operation*) + 1114
13 mlir-opt        0x000055a9319b4333 mlir::dataflow::AbstractSparseForwardDataFlowAnalysis::visit(mlir::ProgramPoint) + 35
14 mlir-opt        0x000055a931960adf mlir::DataFlowSolver::initializeAndRun(mlir::Operation*) + 415
15 mlir-opt        0x000055a931a2d6c5
16 mlir-opt        0x000055a9319cf301 mlir::detail::OpToOpPassAdaptor::run(mlir::Pass*, mlir::Operation*, mlir::AnalysisManager, bool, unsigned int) + 1297
17 mlir-opt        0x000055a9319d0223
18 mlir-opt        0x000055a9319d08c1 mlir::PassManager::run(mlir::Operation*) + 1153
19 mlir-opt        0x000055a9319c0efc
20 mlir-opt        0x000055a9319c28b5
21 mlir-opt        0x000055a9319c2a71
22 mlir-opt        0x000055a931ac8260 mlir::splitAndProcessBuffer(std::unique_ptr<llvm::MemoryBuffer, std::default_delete<llvm::MemoryBuffer>>, llvm::function_ref<mlir::LogicalResult (std::unique_ptr<llvm::MemoryBuffer, std::default_delete<llvm::MemoryBuffer>>, llvm::raw_ostream&)>, llvm::raw_ostream&, bool, bool) + 96
23 mlir-opt        0x000055a9319bbbc9 mlir::MlirOptMain(llvm::raw_ostream&, std::unique_ptr<llvm::MemoryBuffer, std::default_delete<llvm::MemoryBuffer>>, mlir::DialectRegistry&, mlir::MlirOptMainConfig const&) + 185
24 mlir-opt        0x000055a9319c2d9a mlir::MlirOptMain(int, char**, llvm::StringRef, mlir::DialectRegistry&) + 746
25 mlir-opt        0x000055a92f1aa0c5 main + 165
26 libc.so.6       0x00007f29aa65ec87 __libc_start_main + 231
27 mlir-opt        0x000055a92f22b95a _start + 42
Aborted
