mlir-opt: /home/jacob/projects/MLIRSmith/llvm/include/llvm/ADT/SmallVector.h:294: T& llvm::SmallVectorTemplateCommon<T, <template-parameter-1-2> >::operator[](llvm::SmallVectorTemplateCommon<T, <template-parameter-1-2> >::size_type) [with T = mlir::Attribute; <template-parameter-1-2> = void; llvm::SmallVectorTemplateCommon<T, <template-parameter-1-2> >::reference = mlir::Attribute&; llvm::SmallVectorTemplateCommon<T, <template-parameter-1-2> >::size_type = long unsigned int]: Assertion `idx < size()' failed.
PLEASE submit a bug report to https://github.com/llvm/llvm-project/issues/ and include the crash backtrace.
Stack dump:
0.	Program arguments: ../build/bin/mlir-opt --sccp generated/temp581529840236588062208.mlir
Stack dump without symbol names (ensure you have llvm-symbolizer in your PATH or set the environment var `LLVM_SYMBOLIZER_PATH` to point to it):
0  mlir-opt        0x000056185e857bdb llvm::sys::PrintStackTrace(llvm::raw_ostream&, int) + 59
1  mlir-opt        0x000056185e8549cc
2  libpthread.so.0 0x00007f46f5e91980
3  libc.so.6       0x00007f46f4abee87 gsignal + 199
4  libc.so.6       0x00007f46f4ac07f1 abort + 321
5  libc.so.6       0x00007f46f4ab03fa
6  libc.so.6       0x00007f46f4ab0472
7  mlir-opt        0x000056186047ee38
8  mlir-opt        0x00005618604b29a3
9  mlir-opt        0x00005618604c1270
10 mlir-opt        0x00005618611c34de mlir::Operation::fold(llvm::ArrayRef<mlir::Attribute>, llvm::SmallVectorImpl<mlir::OpFoldResult>&) + 62
11 mlir-opt        0x0000561860f975ee mlir::dataflow::SparseConstantPropagation::visitOperation(mlir::Operation*, llvm::ArrayRef<mlir::dataflow::Lattice<mlir::dataflow::ConstantValue> const*>, llvm::ArrayRef<mlir::dataflow::Lattice<mlir::dataflow::ConstantValue>*>) + 1086
12 mlir-opt        0x0000561860fb2c2a mlir::dataflow::AbstractSparseForwardDataFlowAnalysis::visitOperation(mlir::Operation*) + 1114
13 mlir-opt        0x0000561860fb4389 mlir::dataflow::AbstractSparseForwardDataFlowAnalysis::initializeRecursively(mlir::Operation*) + 25
14 mlir-opt        0x0000561860fb44c5 mlir::dataflow::AbstractSparseForwardDataFlowAnalysis::initializeRecursively(mlir::Operation*) + 341
15 mlir-opt        0x0000561860fb44c5 mlir::dataflow::AbstractSparseForwardDataFlowAnalysis::initializeRecursively(mlir::Operation*) + 341
16 mlir-opt        0x0000561860f609a4 mlir::DataFlowSolver::initializeAndRun(mlir::Operation*) + 100
17 mlir-opt        0x000056186102d6c5
18 mlir-opt        0x0000561860fcf301 mlir::detail::OpToOpPassAdaptor::run(mlir::Pass*, mlir::Operation*, mlir::AnalysisManager, bool, unsigned int) + 1297
19 mlir-opt        0x0000561860fd0223
20 mlir-opt        0x0000561860fd08c1 mlir::PassManager::run(mlir::Operation*) + 1153
21 mlir-opt        0x0000561860fc0efc
22 mlir-opt        0x0000561860fc28b5
23 mlir-opt        0x0000561860fc2a71
24 mlir-opt        0x00005618610c8260 mlir::splitAndProcessBuffer(std::unique_ptr<llvm::MemoryBuffer, std::default_delete<llvm::MemoryBuffer>>, llvm::function_ref<mlir::LogicalResult (std::unique_ptr<llvm::MemoryBuffer, std::default_delete<llvm::MemoryBuffer>>, llvm::raw_ostream&)>, llvm::raw_ostream&, bool, bool) + 96
25 mlir-opt        0x0000561860fbbbc9 mlir::MlirOptMain(llvm::raw_ostream&, std::unique_ptr<llvm::MemoryBuffer, std::default_delete<llvm::MemoryBuffer>>, mlir::DialectRegistry&, mlir::MlirOptMainConfig const&) + 185
26 mlir-opt        0x0000561860fc2d9a mlir::MlirOptMain(int, char**, llvm::StringRef, mlir::DialectRegistry&) + 746
27 mlir-opt        0x000056185e7aa0c5 main + 165
28 libc.so.6       0x00007f46f4aa1c87 __libc_start_main + 231
29 mlir-opt        0x000056185e82b95a _start + 42
Aborted
