PLEASE submit a bug report to https://github.com/llvm/llvm-project/issues/ and include the crash backtrace.
Stack dump:
0.	Program arguments: ../build/bin/mlir-opt --test-pass-crash generated/temp551924046505760529152.mlir
Stack dump without symbol names (ensure you have llvm-symbolizer in your PATH or set the environment var `LLVM_SYMBOLIZER_PATH` to point to it):
0  mlir-opt        0x000055d3e1e57bdb llvm::sys::PrintStackTrace(llvm::raw_ostream&, int) + 59
1  mlir-opt        0x000055d3e1e549cc
2  libpthread.so.0 0x00007f28ca9ba980
3  libc.so.6       0x00007f28c95e7e87 gsignal + 199
4  libc.so.6       0x00007f28c95e97f1 abort + 321
5  mlir-opt        0x000055d3e4486e59
6  mlir-opt        0x000055d3e45cf301 mlir::detail::OpToOpPassAdaptor::run(mlir::Pass*, mlir::Operation*, mlir::AnalysisManager, bool, unsigned int) + 1297
7  mlir-opt        0x000055d3e45d0223
8  mlir-opt        0x000055d3e45d08c1 mlir::PassManager::run(mlir::Operation*) + 1153
9  mlir-opt        0x000055d3e45c0efc
10 mlir-opt        0x000055d3e45c28b5
11 mlir-opt        0x000055d3e45c2a71
12 mlir-opt        0x000055d3e46c8260 mlir::splitAndProcessBuffer(std::unique_ptr<llvm::MemoryBuffer, std::default_delete<llvm::MemoryBuffer>>, llvm::function_ref<mlir::LogicalResult (std::unique_ptr<llvm::MemoryBuffer, std::default_delete<llvm::MemoryBuffer>>, llvm::raw_ostream&)>, llvm::raw_ostream&, bool, bool) + 96
13 mlir-opt        0x000055d3e45bbbc9 mlir::MlirOptMain(llvm::raw_ostream&, std::unique_ptr<llvm::MemoryBuffer, std::default_delete<llvm::MemoryBuffer>>, mlir::DialectRegistry&, mlir::MlirOptMainConfig const&) + 185
14 mlir-opt        0x000055d3e45c2d9a mlir::MlirOptMain(int, char**, llvm::StringRef, mlir::DialectRegistry&) + 746
15 mlir-opt        0x000055d3e1daa0c5 main + 165
16 libc.so.6       0x00007f28c95cac87 __libc_start_main + 231
17 mlir-opt        0x000055d3e1e2b95a _start + 42
Aborted
