mlir-opt: /home/jacob/projects/MLIRSmith/llvm/lib/Support/raw_ostream.cpp:114: void llvm::raw_ostream::SetBufferAndMode(char*, size_t, llvm::raw_ostream::BufferKind): Assertion `GetNumBytesInBuffer() == 0 && "Current buffer is non-empty!"' failed.
PLEASE submit a bug report to https://github.com/llvm/llvm-project/issues/ and include the crash backtrace.
Stack dump without symbol names (ensure you have llvm-symbolizer in your PATH or set the environment var `LLVM_SYMBOLIZER_PATH` to point to it):
0  mlir-opt        0x000055ed81a57bdb llvm::sys::PrintStackTrace(llvm::raw_ostream&, int) + 59
1  mlir-opt        0x000055ed81a549cc
2  libpthread.so.0 0x00007fb89e5bd980
3  libc.so.6       0x00007fb89d1eae87 gsignal + 199
4  libc.so.6       0x00007fb89d1ec7f1 abort + 321
5  libc.so.6       0x00007fb89d1dc3fa
6  libc.so.6       0x00007fb89d1dc472
7  mlir-opt        0x000055ed81a368b9 llvm::raw_ostream::SetBuffered() + 1225
8  mlir-opt        0x000055ed81a379cb llvm::raw_ostream::write(char const*, unsigned long) + 907
9  mlir-opt        0x000055ed83c7933e
10 mlir-opt        0x000055ed841cf301 mlir::detail::OpToOpPassAdaptor::run(mlir::Pass*, mlir::Operation*, mlir::AnalysisManager, bool, unsigned int) + 1297
11 mlir-opt        0x000055ed841cf6ba mlir::detail::OpToOpPassAdaptor::runPipeline(mlir::OpPassManager&, mlir::Operation*, mlir::AnalysisManager, bool, unsigned int, mlir::PassInstrumentor*, mlir::PassInstrumentation::PipelineParentInfo const*) + 250
12 mlir-opt        0x000055ed841cfab2
13 mlir-opt        0x000055ed841cfc3f
14 mlir-opt        0x000055ed841c4b11 std::_Function_handler<void (), llvm::ThreadPool::createTaskAndFuture(std::function<void ()>)::'lambda'()>::_M_invoke(std::_Any_data const&) + 49
15 mlir-opt        0x000055ed86d6d0b8 llvm::ThreadPool::processTasks(llvm::ThreadPoolTaskGroup*) + 552
16 mlir-opt        0x000055ed86d6e0b3
17 libpthread.so.0 0x00007fb89e5b26db
18 libc.so.6       0x00007fb89d2cd61f clone + 63
Aborted
