mlir-opt: /home/jacob/projects/MLIRSmith/llvm/include/llvm/ADT/SmallVector.h:294: T& llvm::SmallVectorTemplateCommon<T, <template-parameter-1-2> >::operator[](llvm::SmallVectorTemplateCommon<T, <template-parameter-1-2> >::size_type) [with T = mlir::Attribute; <template-parameter-1-2> = void; llvm::SmallVectorTemplateCommon<T, <template-parameter-1-2> >::reference = mlir::Attribute&; llvm::SmallVectorTemplateCommon<T, <template-parameter-1-2> >::size_type = long unsigned int]: Assertion `idx < size()' failed.
PLEASE submit a bug report to https://github.com/llvm/llvm-project/issues/ and include the crash backtrace.
Stack dump:
0.	Program arguments: ../build/bin/mlir-opt --test-legalize-unknown-root-patterns --affine-pipeline-data-transfer --convert-index-to-llvm --test-transform-dialect-erase-schedule --tosa-to-arith --affine-super-vectorize --strip-debuginfo --bufferization-bufferize --sparse-tensor-codegen --convert-shape-constraints generated/temp41274979100331385344.mlir
Stack dump without symbol names (ensure you have llvm-symbolizer in your PATH or set the environment var `LLVM_SYMBOLIZER_PATH` to point to it):
0  mlir-opt        0x000055fbe8257bdb llvm::sys::PrintStackTrace(llvm::raw_ostream&, int) + 59
1  mlir-opt        0x000055fbe82549cc
2  libpthread.so.0 0x00007fbf774c6980
3  libc.so.6       0x00007fbf760f3e87 gsignal + 199
4  libc.so.6       0x00007fbf760f57f1 abort + 321
5  libc.so.6       0x00007fbf760e53fa
6  libc.so.6       0x00007fbf760e5472
7  mlir-opt        0x000055fbe9e7ee38
8  mlir-opt        0x000055fbe9eb29a3
9  mlir-opt        0x000055fbe9ec1270
10 mlir-opt        0x000055fbeabc34de mlir::Operation::fold(llvm::ArrayRef<mlir::Attribute>, llvm::SmallVectorImpl<mlir::OpFoldResult>&) + 62
11 mlir-opt        0x000055fbeabc387d mlir::Operation::fold(llvm::SmallVectorImpl<mlir::OpFoldResult>&) + 733
12 mlir-opt        0x000055fbeab0c841 mlir::OpBuilder::tryFold(mlir::Operation*, llvm::SmallVectorImpl<mlir::Value>&) + 193
13 mlir-opt        0x000055fbeaa7c5d3
14 mlir-opt        0x000055fbeaa7d3a8
15 mlir-opt        0x000055fbeaa80e70 mlir::applyPartialConversion(mlir::Operation*, mlir::ConversionTarget const&, mlir::FrozenRewritePatternSet const&, llvm::DenseSet<mlir::Operation*, llvm::DenseMapInfo<mlir::Operation*, void>>*) + 96
16 mlir-opt        0x000055fbe97bbebd
17 mlir-opt        0x000055fbea9cf301 mlir::detail::OpToOpPassAdaptor::run(mlir::Pass*, mlir::Operation*, mlir::AnalysisManager, bool, unsigned int) + 1297
18 mlir-opt        0x000055fbea9d0223
19 mlir-opt        0x000055fbea9d08c1 mlir::PassManager::run(mlir::Operation*) + 1153
20 mlir-opt        0x000055fbea9c0efc
21 mlir-opt        0x000055fbea9c28b5
22 mlir-opt        0x000055fbea9c2a71
23 mlir-opt        0x000055fbeaac8260 mlir::splitAndProcessBuffer(std::unique_ptr<llvm::MemoryBuffer, std::default_delete<llvm::MemoryBuffer>>, llvm::function_ref<mlir::LogicalResult (std::unique_ptr<llvm::MemoryBuffer, std::default_delete<llvm::MemoryBuffer>>, llvm::raw_ostream&)>, llvm::raw_ostream&, bool, bool) + 96
24 mlir-opt        0x000055fbea9bbbc9 mlir::MlirOptMain(llvm::raw_ostream&, std::unique_ptr<llvm::MemoryBuffer, std::default_delete<llvm::MemoryBuffer>>, mlir::DialectRegistry&, mlir::MlirOptMainConfig const&) + 185
25 mlir-opt        0x000055fbea9c2d9a mlir::MlirOptMain(int, char**, llvm::StringRef, mlir::DialectRegistry&) + 746
26 mlir-opt        0x000055fbe81aa0c5 main + 165
27 libc.so.6       0x00007fbf760d6c87 __libc_start_main + 231
28 mlir-opt        0x000055fbe822b95a _start + 42
Aborted
