mlir-opt: /home/jacob/projects/MLIRSmith/llvm/include/llvm/Support/Casting.h:578: decltype(auto) llvm::cast(From*) [with To = mlir::SymbolOpInterface; From = mlir::Operation]: Assertion `isa<To>(Val) && "cast<Ty>() argument of incompatible type!"' failed.
PLEASE submit a bug report to https://github.com/llvm/llvm-project/issues/ and include the crash backtrace.
Stack dump:
0.	Program arguments: ../build/bin/mlir-opt --buffer-loop-hoisting --convert-math-to-funcs --pre-sparsification-rewrite --test-gpu-memory-promotion --test-print-topological-sort --mlir-print-ir-after-failure --llvm-optimize-for-nvvm-target --test-module-pass --convert-vector-to-gpu --spirv-unify-aliased-resource generated/temp701121024503705254400.mlir
Stack dump without symbol names (ensure you have llvm-symbolizer in your PATH or set the environment var `LLVM_SYMBOLIZER_PATH` to point to it):
0  mlir-opt        0x0000557c03c57bdb llvm::sys::PrintStackTrace(llvm::raw_ostream&, int) + 59
1  mlir-opt        0x0000557c03c549cc
2  libpthread.so.0 0x00007f2f3a3a2980
3  libc.so.6       0x00007f2f38fcfe87 gsignal + 199
4  libc.so.6       0x00007f2f38fd17f1 abort + 321
5  libc.so.6       0x00007f2f38fc13fa
6  libc.so.6       0x00007f2f38fc1472
7  mlir-opt        0x0000557c05e9fc09
8  mlir-opt        0x0000557c063cf301 mlir::detail::OpToOpPassAdaptor::run(mlir::Pass*, mlir::Operation*, mlir::AnalysisManager, bool, unsigned int) + 1297
9  mlir-opt        0x0000557c063d0223
10 mlir-opt        0x0000557c063d08c1 mlir::PassManager::run(mlir::Operation*) + 1153
11 mlir-opt        0x0000557c063c0efc
12 mlir-opt        0x0000557c063c28b5
13 mlir-opt        0x0000557c063c2a71
14 mlir-opt        0x0000557c064c8260 mlir::splitAndProcessBuffer(std::unique_ptr<llvm::MemoryBuffer, std::default_delete<llvm::MemoryBuffer>>, llvm::function_ref<mlir::LogicalResult (std::unique_ptr<llvm::MemoryBuffer, std::default_delete<llvm::MemoryBuffer>>, llvm::raw_ostream&)>, llvm::raw_ostream&, bool, bool) + 96
15 mlir-opt        0x0000557c063bbbc9 mlir::MlirOptMain(llvm::raw_ostream&, std::unique_ptr<llvm::MemoryBuffer, std::default_delete<llvm::MemoryBuffer>>, mlir::DialectRegistry&, mlir::MlirOptMainConfig const&) + 185
16 mlir-opt        0x0000557c063c2d9a mlir::MlirOptMain(int, char**, llvm::StringRef, mlir::DialectRegistry&) + 746
17 mlir-opt        0x0000557c03baa0c5 main + 165
18 libc.so.6       0x00007f2f38fb2c87 __libc_start_main + 231
19 mlir-opt        0x0000557c03c2b95a _start + 42
Aborted
