Testing : mlir-opt: /home/jacob/projects/MLIRSmith/llvm/include/llvm/Support/Casting.h:578: decltype(auto) llvm::cast(From*) [with To = mlir::SymbolOpInterface; From = mlir::Operation]: Assertion `isa<To>(Val) && "cast<Ty>() argument of incompatible type!"' failed.
PLEASE submit a bug report to https://github.com/llvm/llvm-project/issues/ and include the crash backtrace.
Stack dump:
0.	Program arguments: ../build/bin/mlir-opt --test-print-dominance generated/temp2405900407620654080.mlir
Stack dump without symbol names (ensure you have llvm-symbolizer in your PATH or set the environment var `LLVM_SYMBOLIZER_PATH` to point to it):
0  mlir-opt        0x0000562d87857bdb llvm::sys::PrintStackTrace(llvm::raw_ostream&, int) + 59
1  mlir-opt        0x0000562d878549cc
2  libpthread.so.0 0x00007fb612275980
3  libc.so.6       0x00007fb610ea2e87 gsignal + 199
4  libc.so.6       0x00007fb610ea47f1 abort + 321
5  libc.so.6       0x00007fb610e943fa
6  libc.so.6       0x00007fb610e94472
7  mlir-opt        0x0000562d89e3de17
8  mlir-opt        0x0000562d89fcf301 mlir::detail::OpToOpPassAdaptor::run(mlir::Pass*, mlir::Operation*, mlir::AnalysisManager, bool, unsigned int) + 1297
9  mlir-opt        0x0000562d89fd0223
10 mlir-opt        0x0000562d89fd08c1 mlir::PassManager::run(mlir::Operation*) + 1153
11 mlir-opt        0x0000562d89fc0efc
12 mlir-opt        0x0000562d89fc28b5
13 mlir-opt        0x0000562d89fc2a71
14 mlir-opt        0x0000562d8a0c8260 mlir::splitAndProcessBuffer(std::unique_ptr<llvm::MemoryBuffer, std::default_delete<llvm::MemoryBuffer>>, llvm::function_ref<mlir::LogicalResult (std::unique_ptr<llvm::MemoryBuffer, std::default_delete<llvm::MemoryBuffer>>, llvm::raw_ostream&)>, llvm::raw_ostream&, bool, bool) + 96
15 mlir-opt        0x0000562d89fbbbc9 mlir::MlirOptMain(llvm::raw_ostream&, std::unique_ptr<llvm::MemoryBuffer, std::default_delete<llvm::MemoryBuffer>>, mlir::DialectRegistry&, mlir::MlirOptMainConfig const&) + 185
16 mlir-opt        0x0000562d89fc2d9a mlir::MlirOptMain(int, char**, llvm::StringRef, mlir::DialectRegistry&) + 746
17 mlir-opt        0x0000562d877aa0c5 main + 165
18 libc.so.6       0x00007fb610e85c87 __libc_start_main + 231
19 mlir-opt        0x0000562d8782b95a _start + 42
Aborted
