mlir-opt: /home/jacob/projects/MLIRSmith/llvm/include/llvm/ADT/SmallVector.h:294: T& llvm::SmallVectorTemplateCommon<T, <template-parameter-1-2> >::operator[](llvm::SmallVectorTemplateCommon<T, <template-parameter-1-2> >::size_type) [with T = mlir::Attribute; <template-parameter-1-2> = void; llvm::SmallVectorTemplateCommon<T, <template-parameter-1-2> >::reference = mlir::Attribute&; llvm::SmallVectorTemplateCommon<T, <template-parameter-1-2> >::size_type = long unsigned int]: Assertion `idx < size()' failed.
PLEASE submit a bug report to https://github.com/llvm/llvm-project/issues/ and include the crash backtrace.
Stack dump:
0.	Program arguments: ../build/bin/mlir-opt --sparse-storage-specifier-to-llvm --convert-complex-to-standard --mlir-print-ir-after-change --convert-gpu-launch-to-vulkan-launch --test-pm-nested-pipeline --test-compose-subview --normalize-memrefs --shape-to-shape-lowering --test-vector-transfer-flatten-patterns --tosa-to-scf generated/temp581529840236588062208.mlir
Stack dump without symbol names (ensure you have llvm-symbolizer in your PATH or set the environment var `LLVM_SYMBOLIZER_PATH` to point to it):
0  mlir-opt        0x0000555a60257bdb llvm::sys::PrintStackTrace(llvm::raw_ostream&, int) + 59
1  mlir-opt        0x0000555a602549cc
2  libpthread.so.0 0x00007f7a9275a980
3  libc.so.6       0x00007f7a91387e87 gsignal + 199
4  libc.so.6       0x00007f7a913897f1 abort + 321
5  libc.so.6       0x00007f7a913793fa
6  libc.so.6       0x00007f7a91379472
7  mlir-opt        0x0000555a61e7ee38
8  mlir-opt        0x0000555a61eb29a3
9  mlir-opt        0x0000555a61ec1270
10 mlir-opt        0x0000555a62bc34de mlir::Operation::fold(llvm::ArrayRef<mlir::Attribute>, llvm::SmallVectorImpl<mlir::OpFoldResult>&) + 62
11 mlir-opt        0x0000555a62bc387d mlir::Operation::fold(llvm::SmallVectorImpl<mlir::OpFoldResult>&) + 733
12 mlir-opt        0x0000555a62b0c841 mlir::OpBuilder::tryFold(mlir::Operation*, llvm::SmallVectorImpl<mlir::Value>&) + 193
13 mlir-opt        0x0000555a62a7c5d3
14 mlir-opt        0x0000555a62a7d3a8
15 mlir-opt        0x0000555a62a80e70 mlir::applyPartialConversion(mlir::Operation*, mlir::ConversionTarget const&, mlir::FrozenRewritePatternSet const&, llvm::DenseSet<mlir::Operation*, llvm::DenseMapInfo<mlir::Operation*, void>>*) + 96
16 mlir-opt        0x0000555a6204c0e5
17 mlir-opt        0x0000555a629cf301 mlir::detail::OpToOpPassAdaptor::run(mlir::Pass*, mlir::Operation*, mlir::AnalysisManager, bool, unsigned int) + 1297
18 mlir-opt        0x0000555a629d0223
19 mlir-opt        0x0000555a629d08c1 mlir::PassManager::run(mlir::Operation*) + 1153
20 mlir-opt        0x0000555a629c0efc
21 mlir-opt        0x0000555a629c28b5
22 mlir-opt        0x0000555a629c2a71
23 mlir-opt        0x0000555a62ac8260 mlir::splitAndProcessBuffer(std::unique_ptr<llvm::MemoryBuffer, std::default_delete<llvm::MemoryBuffer>>, llvm::function_ref<mlir::LogicalResult (std::unique_ptr<llvm::MemoryBuffer, std::default_delete<llvm::MemoryBuffer>>, llvm::raw_ostream&)>, llvm::raw_ostream&, bool, bool) + 96
24 mlir-opt        0x0000555a629bbbc9 mlir::MlirOptMain(llvm::raw_ostream&, std::unique_ptr<llvm::MemoryBuffer, std::default_delete<llvm::MemoryBuffer>>, mlir::DialectRegistry&, mlir::MlirOptMainConfig const&) + 185
25 mlir-opt        0x0000555a629c2d9a mlir::MlirOptMain(int, char**, llvm::StringRef, mlir::DialectRegistry&) + 746
26 mlir-opt        0x0000555a601aa0c5 main + 165
27 libc.so.6       0x00007f7a9136ac87 __libc_start_main + 231
28 mlir-opt        0x0000555a6022b95a _start + 42
Aborted
