mlir-opt: /home/jacob/projects/MLIRSmith/llvm/include/llvm/Support/Casting.h:578: decltype(auto) llvm::cast(From*) [with To = mlir::SymbolOpInterface; From = mlir::Operation]: Assertion `isa<To>(Val) && "cast<Ty>() argument of incompatible type!"' failed.
PLEASE submit a bug report to https://github.com/llvm/llvm-project/issues/ and include the crash backtrace.
Stack dump:
0.	Program arguments: ../build/bin/mlir-opt --test-memref-stride-calculation generated/temp24596358324519390464.mlir
Stack dump without symbol names (ensure you have llvm-symbolizer in your PATH or set the environment var `LLVM_SYMBOLIZER_PATH` to point to it):
0  mlir-opt        0x0000559ea0a57bdb llvm::sys::PrintStackTrace(llvm::raw_ostream&, int) + 59
1  mlir-opt        0x0000559ea0a549cc
2  libpthread.so.0 0x00007f2430dc3980
3  libc.so.6       0x00007f242f9f0e87 gsignal + 199
4  libc.so.6       0x00007f242f9f27f1 abort + 321
5  libc.so.6       0x00007f242f9e23fa
6  libc.so.6       0x00007f242f9e2472
7  mlir-opt        0x0000559ea2c9db42
8  mlir-opt        0x0000559ea31cf301 mlir::detail::OpToOpPassAdaptor::run(mlir::Pass*, mlir::Operation*, mlir::AnalysisManager, bool, unsigned int) + 1297
9  mlir-opt        0x0000559ea31d0223
10 mlir-opt        0x0000559ea31d08c1 mlir::PassManager::run(mlir::Operation*) + 1153
11 mlir-opt        0x0000559ea31c0efc
12 mlir-opt        0x0000559ea31c28b5
13 mlir-opt        0x0000559ea31c2a71
14 mlir-opt        0x0000559ea32c8260 mlir::splitAndProcessBuffer(std::unique_ptr<llvm::MemoryBuffer, std::default_delete<llvm::MemoryBuffer>>, llvm::function_ref<mlir::LogicalResult (std::unique_ptr<llvm::MemoryBuffer, std::default_delete<llvm::MemoryBuffer>>, llvm::raw_ostream&)>, llvm::raw_ostream&, bool, bool) + 96
15 mlir-opt        0x0000559ea31bbbc9 mlir::MlirOptMain(llvm::raw_ostream&, std::unique_ptr<llvm::MemoryBuffer, std::default_delete<llvm::MemoryBuffer>>, mlir::DialectRegistry&, mlir::MlirOptMainConfig const&) + 185
16 mlir-opt        0x0000559ea31c2d9a mlir::MlirOptMain(int, char**, llvm::StringRef, mlir::DialectRegistry&) + 746
17 mlir-opt        0x0000559ea09aa0c5 main + 165
18 libc.so.6       0x00007f242f9d3c87 __libc_start_main + 231
19 mlir-opt        0x0000559ea0a2b95a _start + 42
Aborted
