digraph G {
  compound = true;
  subgraph cluster_1 {
    v2 [label = " ", shape = plain];
    label = "builtin.module : ()\n";
    subgraph cluster_3 {
      v4 [label = " ", shape = plain];
      label = "";
    }
  }
}
Testing : mlir-opt: /home/jacob/projects/MLIRSmith/llvm/include/llvm/Support/Casting.h:578: decltype(auto) llvm::cast(From*) [with To = mlir::SymbolOpInterface; From = mlir::Operation]: Assertion `isa<To>(Val) && "cast<Ty>() argument of incompatible type!"' failed.
PLEASE submit a bug report to https://github.com/llvm/llvm-project/issues/ and include the crash backtrace.
Stack dump:
0.	Program arguments: ../build/bin/mlir-opt --async-func-to-async-runtime --view-op-graph --test-print-nesting --test-scf-for-utils --mlir-timing-display=list --convert-tensor-to-spirv --tensor-bufferize --convert-linalg-to-loops --test-loop-fusion-dependence-check --test-print-dominance generated/temp701121024503705254400.mlir
Stack dump without symbol names (ensure you have llvm-symbolizer in your PATH or set the environment var `LLVM_SYMBOLIZER_PATH` to point to it):
0  mlir-opt        0x000056192de57bdb llvm::sys::PrintStackTrace(llvm::raw_ostream&, int) + 59
1  mlir-opt        0x000056192de549cc
2  libpthread.so.0 0x00007fae0327d980
3  libc.so.6       0x00007fae01eaae87 gsignal + 199
4  libc.so.6       0x00007fae01eac7f1 abort + 321
5  libc.so.6       0x00007fae01e9c3fa
6  libc.so.6       0x00007fae01e9c472
7  mlir-opt        0x000056193043de17
8  mlir-opt        0x00005619305cf301 mlir::detail::OpToOpPassAdaptor::run(mlir::Pass*, mlir::Operation*, mlir::AnalysisManager, bool, unsigned int) + 1297
9  mlir-opt        0x00005619305d0223
10 mlir-opt        0x00005619305d08c1 mlir::PassManager::run(mlir::Operation*) + 1153
11 mlir-opt        0x00005619305c0efc
12 mlir-opt        0x00005619305c28b5
13 mlir-opt        0x00005619305c2a71
14 mlir-opt        0x00005619306c8260 mlir::splitAndProcessBuffer(std::unique_ptr<llvm::MemoryBuffer, std::default_delete<llvm::MemoryBuffer>>, llvm::function_ref<mlir::LogicalResult (std::unique_ptr<llvm::MemoryBuffer, std::default_delete<llvm::MemoryBuffer>>, llvm::raw_ostream&)>, llvm::raw_ostream&, bool, bool) + 96
15 mlir-opt        0x00005619305bbbc9 mlir::MlirOptMain(llvm::raw_ostream&, std::unique_ptr<llvm::MemoryBuffer, std::default_delete<llvm::MemoryBuffer>>, mlir::DialectRegistry&, mlir::MlirOptMainConfig const&) + 185
16 mlir-opt        0x00005619305c2d9a mlir::MlirOptMain(int, char**, llvm::StringRef, mlir::DialectRegistry&) + 746
17 mlir-opt        0x000056192ddaa0c5 main + 165
18 libc.so.6       0x00007fae01e8dc87 __libc_start_main + 231
19 mlir-opt        0x000056192de2b95a _start + 42
Aborted
