mlir-opt: /home/jacob/projects/MLIRSmith/llvm/include/llvm/ADT/SmallVector.h:294: T& llvm::SmallVectorTemplateCommon<T, <template-parameter-1-2> >::operator[](llvm::SmallVectorTemplateCommon<T, <template-parameter-1-2> >::size_type) [with T = mlir::Attribute; <template-parameter-1-2> = void; llvm::SmallVectorTemplateCommon<T, <template-parameter-1-2> >::reference = mlir::Attribute&; llvm::SmallVectorTemplateCommon<T, <template-parameter-1-2> >::size_type = long unsigned int]: Assertion `idx < size()' failed.
PLEASE submit a bug report to https://github.com/llvm/llvm-project/issues/ and include the crash backtrace.
Stack dump:
0.	Program arguments: ../build/bin/mlir-opt --test-last-modified generated/temp361343524267634500096.mlir
Stack dump without symbol names (ensure you have llvm-symbolizer in your PATH or set the environment var `LLVM_SYMBOLIZER_PATH` to point to it):
0  mlir-opt        0x00005645db457bdb llvm::sys::PrintStackTrace(llvm::raw_ostream&, int) + 59
1  mlir-opt        0x00005645db4549cc
2  libpthread.so.0 0x00007f991348a980
3  libc.so.6       0x00007f99120b7e87 gsignal + 199
4  libc.so.6       0x00007f99120b97f1 abort + 321
5  libc.so.6       0x00007f99120a93fa
6  libc.so.6       0x00007f99120a9472
7  mlir-opt        0x00005645dd07ee38
8  mlir-opt        0x00005645dd0b29a3
9  mlir-opt        0x00005645dd0c1270
10 mlir-opt        0x00005645dddc34de mlir::Operation::fold(llvm::ArrayRef<mlir::Attribute>, llvm::SmallVectorImpl<mlir::OpFoldResult>&) + 62
11 mlir-opt        0x00005645ddb975ee mlir::dataflow::SparseConstantPropagation::visitOperation(mlir::Operation*, llvm::ArrayRef<mlir::dataflow::Lattice<mlir::dataflow::ConstantValue> const*>, llvm::ArrayRef<mlir::dataflow::Lattice<mlir::dataflow::ConstantValue>*>) + 1086
12 mlir-opt        0x00005645ddbb2c2a mlir::dataflow::AbstractSparseForwardDataFlowAnalysis::visitOperation(mlir::Operation*) + 1114
13 mlir-opt        0x00005645ddbb4333 mlir::dataflow::AbstractSparseForwardDataFlowAnalysis::visit(mlir::ProgramPoint) + 35
14 mlir-opt        0x00005645ddb60adf mlir::DataFlowSolver::initializeAndRun(mlir::Operation*) + 415
15 mlir-opt        0x00005645dd6ad84e
16 mlir-opt        0x00005645ddbcf301 mlir::detail::OpToOpPassAdaptor::run(mlir::Pass*, mlir::Operation*, mlir::AnalysisManager, bool, unsigned int) + 1297
17 mlir-opt        0x00005645ddbd0223
18 mlir-opt        0x00005645ddbd08c1 mlir::PassManager::run(mlir::Operation*) + 1153
19 mlir-opt        0x00005645ddbc0efc
20 mlir-opt        0x00005645ddbc28b5
21 mlir-opt        0x00005645ddbc2a71
22 mlir-opt        0x00005645ddcc8260 mlir::splitAndProcessBuffer(std::unique_ptr<llvm::MemoryBuffer, std::default_delete<llvm::MemoryBuffer>>, llvm::function_ref<mlir::LogicalResult (std::unique_ptr<llvm::MemoryBuffer, std::default_delete<llvm::MemoryBuffer>>, llvm::raw_ostream&)>, llvm::raw_ostream&, bool, bool) + 96
23 mlir-opt        0x00005645ddbbbbc9 mlir::MlirOptMain(llvm::raw_ostream&, std::unique_ptr<llvm::MemoryBuffer, std::default_delete<llvm::MemoryBuffer>>, mlir::DialectRegistry&, mlir::MlirOptMainConfig const&) + 185
24 mlir-opt        0x00005645ddbc2d9a mlir::MlirOptMain(int, char**, llvm::StringRef, mlir::DialectRegistry&) + 746
25 mlir-opt        0x00005645db3aa0c5 main + 165
26 libc.so.6       0x00007f991209ac87 __libc_start_main + 231
27 mlir-opt        0x00005645db42b95a _start + 42
Aborted
